Warp 1.14.0 initialized:
   CUDA Toolkit 12.9, Driver 13.0
   Devices:
     "cpu"      : "x86_64"
     "cuda:0"   : "NVIDIA A100-SXM4-80GB" (79 GiB, sm_80, mempool enabled)
   Kernel cache:
     /root/.cache/warp/1.14.0
[diffsim] device = cuda:0
Module newton._src.geometry.bvh 9db2945 load on device 'cuda:0' took 1.40 ms  (cached)
Module __main__ 4e6cddf load on device 'cuda:0' took 642.12 ms  (compiled)
Module narrow_phase_primitive_write_contact 51d816f load on device 'cuda:0' took 1.24 ms  (cached)
Module narrow_phase_gjk_mpr_True_write_contact_support_map_lean_post_process_minkowski_only 10a247d load on device 'cuda:0' took 2.06 ms  (cached)
Module newton._src.geometry.narrow_phase 50781fa load on device 'cuda:0' took 2.83 ms  (cached)
Module newton._src.geometry.differentiable_contacts c0bf917 load on device 'cuda:0' took 367.44 ms  (compiled)
Module newton._src.solvers.semi_implicit.kernels_particle f6c5585 load on device 'cuda:0' took 1.46 ms  (cached)
Module newton._src.solvers.semi_implicit.kernels_contact 953ff5f load on device 'cuda:0' took 1.96 ms  (cached)
Module newton._src.solvers.solver c4f5217 load on device 'cuda:0' took 1.00 ms  (cached)
[diffsim] at theta=1: mismatch loss = 2.748457e-01 m^2,  dLoss/dtheta = -1.149502e+01  (exact autodiff sensitivity)
Module warp.optim.sgd 2a13639 load on device 'cuda:0' took 192.40 ms  (compiled)
[diffsim] iter   0  loss=2.748463e-01  theta=1.1150  grad=-1.150e+01
[diffsim] iter   5  loss=1.953915e-01  theta=0.9373  grad=1.322e+01
[diffsim] iter  10  loss=6.208193e-01  theta=0.8105  grad=1.032e+01
[diffsim] iter  15  loss=8.139260e-02  theta=1.4874  grad=-6.424e+00
[diffsim] iter  20  loss=1.414618e-01  theta=1.4231  grad=6.425e+00
[diffsim] iter  25  loss=8.141264e-02  theta=1.4874  grad=-6.425e+00
[diffsim] iter  29  loss=8.141244e-02  theta=1.4874  grad=-6.424e+00
[diffsim] wrote /content/Newton/data/diffsim.npz
[diffsim] fitted effective-stiffness multiplier theta* = 1.4874
[diffsim]   theta* > 1  => Newton effectively SOFTER than FEM (needs stiffening to match)
[diffsim]   theta* < 1  => Newton effectively STIFFER than FEM
