Warp 1.14.0 initialized:
   CUDA Toolkit 12.9, Driver 13.0
   Devices:
     "cpu"      : "x86_64"
     "cuda:0"   : "NVIDIA A100-SXM4-80GB" (79 GiB, sm_80, mempool enabled)
   Kernel cache:
     /root/.cache/warp/1.14.0
[drop-newton] device = cuda:0, solver = xpbd
Module validate_and_correct_inertia_kernel_2d598dcb 2d598dc load on device 'cuda:0' took 1.11 ms  (cached)
Module newton._src.geometry.bvh 9db2945 load on device 'cuda:0' took 1.26 ms  (cached)
Module newton._src.solvers.solver c4f5217 load on device 'cuda:0' took 1.33 ms  (cached)
Module newton._src.sim.collide 6396eb6 load on device 'cuda:0' took 1.13 ms  (cached)
Module newton._src.geometry.broad_phase_nxn d0253b5 load on device 'cuda:0' took 702.15 ms  (compiled)
Module narrow_phase_primitive_write_contact 51d816f load on device 'cuda:0' took 1.40 ms  (cached)
Module narrow_phase_gjk_mpr_True_write_contact_support_map_lean_post_process_minkowski_only 10a247d load on device 'cuda:0' took 2.44 ms  (cached)
Module newton._src.geometry.narrow_phase 50781fa load on device 'cuda:0' took 3.28 ms  (cached)
Module newton._src.geometry.kernels 18b231c load on device 'cuda:0' took 3.44 ms  (cached)
Module newton._src.solvers.xpbd.kernels 63a706b load on device 'cuda:0' took 13.43 ms  (cached)
[drop-newton] t=0.000s  sphere_z=1.099  pen=0.00mm  U=233 KE=449
[drop-newton] t=0.083s  sphere_z=1.052  pen=0.00mm  U=54.2 KE=331
[drop-newton] t=0.167s  sphere_z=1.069  pen=0.00mm  U=173 KE=57
[drop-newton] t=0.250s  sphere_z=1.171  pen=0.00mm  U=86 KE=124
[drop-newton] t=0.333s  sphere_z=1.206  pen=0.00mm  U=101 KE=144
[drop-newton] wrote /content/Newton/data/newton_drop.npz
