Warp 1.14.0 initialized:
   CUDA Toolkit 12.9, Driver 13.0
   Devices:
     "cpu"      : "x86_64"
     "cuda:0"   : "NVIDIA A100-SXM4-80GB" (79 GiB, sm_80, mempool enabled)
   Kernel cache:
     /root/.cache/warp/1.14.0
[drop-newton] device = cuda:0, solver = vbd
Module warp._src.coloring 7eb14ba load on device 'cpu' took 1.92 ms  (cached)
Module validate_and_correct_inertia_kernel_2d598dcb 2d598dc load on device 'cuda:0' took 0.95 ms  (cached)
Module newton._src.geometry.bvh 9db2945 load on device 'cuda:0' took 1.12 ms  (cached)
Module newton._src.solvers.vbd.particle_vbd_kernels 9140806 load on device 'cpu' took 0.53 ms  (cached)
Module newton._src.solvers.vbd.rigid_vbd_kernels c5fe437 load on device 'cpu' took 0.47 ms  (cached)
Module newton._src.solvers.solver c4f5217 load on device 'cuda:0' took 1.30 ms  (cached)
Module newton._src.sim.collide 6396eb6 load on device 'cuda:0' took 1.03 ms  (cached)
Module newton._src.geometry.broad_phase_nxn d0253b5 load on device 'cuda:0' took 0.68 ms  (cached)
Module narrow_phase_primitive_write_contact 51d816f load on device 'cuda:0' took 1.05 ms  (cached)
Module narrow_phase_gjk_mpr_True_write_contact_support_map_lean_post_process_minkowski_only 10a247d load on device 'cuda:0' took 2.64 ms  (cached)
Module newton._src.geometry.narrow_phase 50781fa load on device 'cuda:0' took 3.01 ms  (cached)
Module newton._src.geometry.kernels 18b231c load on device 'cuda:0' took 3.70 ms  (cached)
Module newton._src.solvers.vbd.rigid_vbd_kernels e8eab16 load on device 'cuda:0' took 5.54 ms  (cached)
Module newton._src.solvers.xpbd.kernels 63a706b load on device 'cuda:0' took 12.25 ms  (cached)
Module newton._src.solvers.vbd.particle_vbd_kernels 776e1a0 load on device 'cuda:0' took 3.34 ms  (cached)
[drop-newton] t=0.000s  sphere_z=1.099  pen=0.00mm  U=0.826 KE=72.9
[drop-newton] t=0.083s  sphere_z=1.051  pen=0.00mm  U=0.603 KE=20.3
[drop-newton] t=0.167s  sphere_z=0.937  pen=0.00mm  U=0.441 KE=0.232
[drop-newton] t=0.250s  sphere_z=0.895  pen=0.00mm  U=1.15 KE=34.1
[drop-newton] t=0.333s  sphere_z=0.827  pen=0.00mm  U=2.93 KE=0.91
[drop-newton] wrote /content/Newton/data/newton_drop_vbd.npz
