Warp 1.14.0 initialized:
   CUDA Toolkit 12.9, Driver 13.0
   Devices:
     "cpu"      : "x86_64"
     "cuda:0"   : "NVIDIA A100-SXM4-80GB" (79 GiB, sm_80, mempool enabled)
   Kernel cache:
     /root/.cache/warp/1.14.0
[drop-newton] device = cuda:0, solver = semi_implicit
Module validate_and_correct_inertia_kernel_2d598dcb 2d598dc load on device 'cuda:0' took 0.98 ms  (cached)
Module newton._src.geometry.bvh 9db2945 load on device 'cuda:0' took 1.11 ms  (cached)
Module newton._src.sim.collide 6396eb6 load on device 'cuda:0' took 1.04 ms  (cached)
Module newton._src.geometry.broad_phase_nxn d0253b5 load on device 'cuda:0' took 0.68 ms  (cached)
Module narrow_phase_primitive_write_contact 51d816f load on device 'cuda:0' took 1.06 ms  (cached)
Module narrow_phase_gjk_mpr_True_write_contact_support_map_lean_post_process_minkowski_only 10a247d load on device 'cuda:0' took 2.63 ms  (cached)
Module newton._src.geometry.narrow_phase 50781fa load on device 'cuda:0' took 2.80 ms  (cached)
Module newton._src.geometry.kernels 18b231c load on device 'cuda:0' took 3.66 ms  (cached)
Module newton._src.solvers.semi_implicit.kernels_particle f6c5585 load on device 'cuda:0' took 1.32 ms  (cached)
Module newton._src.solvers.semi_implicit.kernels_body 8e92e4f load on device 'cuda:0' took 3.49 ms  (cached)
Module newton._src.solvers.semi_implicit.kernels_contact 953ff5f load on device 'cuda:0' took 1.84 ms  (cached)
Module newton._src.solvers.solver c4f5217 load on device 'cuda:0' took 0.95 ms  (cached)
[drop-newton] t=0.000s  sphere_z=1.099  pen=0.00mm  U=329 KE=345
[drop-newton] t=0.083s  sphere_z=1.051  pen=0.00mm  U=309 KE=207
[drop-newton] t=0.167s  sphere_z=0.936  pen=0.00mm  U=206 KE=184
[drop-newton] t=0.250s  sphere_z=0.831  pen=0.00mm  U=192 KE=219
[drop-newton] t=0.333s  sphere_z=0.746  pen=0.00mm  U=7.54e+03 KE=194
[drop-newton] wrote /content/Newton/data/newton_drop_semi.npz
