[conv-fem] dolfinx 0.11.0.post0, element=hex
[fem] load step 1/5: snes_its=3 reason=2
[fem] load step 2/5: snes_its=3 reason=2
[fem] load step 3/5: snes_its=3 reason=2
[fem] load step 4/5: snes_its=3 reason=2
[fem] load step 5/5: snes_its=3 reason=2
[conv-fem] 2x2x4  h=400.0 mm  ndof=   135  tip=40.054 mm  U=6.913 J  t=1.63 s
[fem] load step 1/5: snes_its=3 reason=2
[fem] load step 2/5: snes_its=3 reason=2
[fem] load step 3/5: snes_its=3 reason=2
[fem] load step 4/5: snes_its=3 reason=2
[fem] load step 5/5: snes_its=3 reason=2
[conv-fem] 3x3x8  h=200.0 mm  ndof=   432  tip=42.230 mm  U=7.645 J  t=6.27 s
[fem] load step 1/5: snes_its=3 reason=2
[fem] load step 2/5: snes_its=3 reason=2
[fem] load step 3/5: snes_its=3 reason=2
[fem] load step 4/5: snes_its=3 reason=2
[fem] load step 5/5: snes_its=3 reason=2
[conv-fem] 4x4x12  h=133.3 mm  ndof=   975  tip=43.063 mm  U=7.863 J  t=15.90 s
[fem] load step 1/5: snes_its=3 reason=2
[fem] load step 2/5: snes_its=3 reason=2
[fem] load step 3/5: snes_its=3 reason=2
[fem] load step 4/5: snes_its=3 reason=2
[fem] load step 5/5: snes_its=3 reason=2
[conv-fem] 6x6x16  h=100.0 mm  ndof=  2499  tip=43.396 mm  U=7.964 J  t=46.32 s
[fem] load step 1/5: snes_its=3 reason=2
[fem] load step 2/5: snes_its=3 reason=2
[fem] load step 3/5: snes_its=3 reason=2
[fem] load step 4/5: snes_its=3 reason=2
[fem] load step 5/5: snes_its=3 reason=2
[conv-fem] 9x9x24  h= 66.7 mm  ndof=  7500  tip=43.676 mm  U=8.049 J  t=163.02 s
[fem] load step 1/1: snes_its=3 reason=3
[conv-fem] load_steps= 1: tip=43.6757 mm  total_newton_its=3  t=32.78 s
[fem] load step 1/2: snes_its=3 reason=3
[fem] load step 2/2: snes_its=3 reason=3
[conv-fem] load_steps= 2: tip=43.6757 mm  total_newton_its=6  t=65.48 s
[fem] load step 1/4: snes_its=3 reason=2
[fem] load step 2/4: snes_its=3 reason=2
[fem] load step 3/4: snes_its=3 reason=2
[fem] load step 4/4: snes_its=3 reason=2
[conv-fem] load_steps= 4: tip=43.6757 mm  total_newton_its=12  t=128.88 s
[fem] load step 1/8: snes_its=3 reason=2
[fem] load step 2/8: snes_its=3 reason=2
[fem] load step 3/8: snes_its=3 reason=2
[fem] load step 4/8: snes_its=3 reason=2
[fem] load step 5/8: snes_its=3 reason=2
[fem] load step 6/8: snes_its=3 reason=2
[fem] load step 7/8: snes_its=3 reason=2
[fem] load step 8/8: snes_its=3 reason=2
[conv-fem] load_steps= 8: tip=43.6757 mm  total_newton_its=24  t=259.32 s
[conv-fem] wrote /content/Newton/data/fem_convergence.npz
[conv-fem] finest tip = 43.676 mm vs analytic 1-D = 44.303 mm
