[indent-fem] dolfinx 0.11.0.post0, variants=(('tet', 5.0, 'penalty'), ('tet', 50.0, 'penalty'), ('tet', 50.0, 'aug_lagrangian'), ('hex', 50.0, 'aug_lagrangian'))
[indent-fem:tet kn x5 penalty] slab 1.00x1.00x0.40 m, R=0.3 m, kn=2.83e+06 Pa/m, 20 steps, n_aug=1
[indent-fem:tet kn x5 penalty] delta=  2.00 mm  F=3.033 N  pen(rms)=0.025 mm
[indent-fem:tet kn x5 penalty] delta=  4.00 mm  F=8.417 N  pen(rms)=0.052 mm
[indent-fem:tet kn x5 penalty] delta=  6.00 mm  F=16.04 N  pen(rms)=0.080 mm
[indent-fem:tet kn x5 penalty] delta=  8.00 mm  F=24.33 N  pen(rms)=0.109 mm
[indent-fem:tet kn x5 penalty] delta= 10.00 mm  F=33.78 N  pen(rms)=0.137 mm
[indent-fem:tet kn x5 penalty] delta= 12.00 mm  F=44.19 N  pen(rms)=0.165 mm
[indent-fem:tet kn x5 penalty] delta= 14.00 mm  F=55.2 N  pen(rms)=0.193 mm
[indent-fem:tet kn x5 penalty] delta= 16.00 mm  F=67.23 N  pen(rms)=0.219 mm
[indent-fem:tet kn x5 penalty] delta= 18.00 mm  F=80.14 N  pen(rms)=0.246 mm
[indent-fem:tet kn x5 penalty] delta= 20.00 mm  F=93.64 N  pen(rms)=0.272 mm
[indent-fem:tet kn x5 penalty] delta= 22.00 mm  F=108.3 N  pen(rms)=0.297 mm
[indent-fem:tet kn x5 penalty] delta= 24.00 mm  F=123.9 N  pen(rms)=0.323 mm
[indent-fem:tet kn x5 penalty] delta= 26.00 mm  F=140.7 N  pen(rms)=0.349 mm
[indent-fem:tet kn x5 penalty] delta= 28.00 mm  F=158.1 N  pen(rms)=0.375 mm
[indent-fem:tet kn x5 penalty] delta= 30.00 mm  F=176.5 N  pen(rms)=0.401 mm
[indent-fem:tet kn x5 penalty] delta= 32.00 mm  F=196.2 N  pen(rms)=0.429 mm
[indent-fem:tet kn x5 penalty] delta= 34.00 mm  F=216.4 N  pen(rms)=0.458 mm
[indent-fem:tet kn x5 penalty] delta= 36.00 mm  F=236.8 N  pen(rms)=0.487 mm
[indent-fem:tet kn x5 penalty] delta= 38.00 mm  F=257.7 N  pen(rms)=0.518 mm
[indent-fem:tet kn x5 penalty] delta= 40.00 mm  F=279.4 N  pen(rms)=0.549 mm
[indent-fem:tet kn x5 penalty] done: 20 steps in 133.48 s (6674 ms/step)  F_max=279.4 N  rms_pen=0.549 mm
[indent-fem:tet kn x50 penalty] slab 1.00x1.00x0.40 m, R=0.3 m, kn=2.83e+07 Pa/m, 20 steps, n_aug=1
[indent-fem:tet kn x50 penalty] delta=  2.00 mm  F=4.373 N  pen(rms)=0.005 mm
[indent-fem:tet kn x50 penalty] delta=  4.00 mm  F=11.37 N  pen(rms)=0.010 mm
[indent-fem:tet kn x50 penalty] delta=  6.00 mm  F=20.77 N  pen(rms)=0.016 mm
[indent-fem:tet kn x50 penalty] delta=  8.00 mm  F=28.93 N  pen(rms)=0.020 mm
[indent-fem:tet kn x50 penalty] delta= 10.00 mm  F=41.07 N  pen(rms)=0.025 mm
[indent-fem:tet kn x50 penalty] delta= 12.00 mm  F=53.99 N  pen(rms)=0.030 mm
[indent-fem:tet kn x50 penalty] delta= 14.00 mm  F=65.94 N  pen(rms)=0.035 mm
[indent-fem:tet kn x50 penalty] delta= 16.00 mm  F=78.49 N  pen(rms)=0.040 mm
[indent-fem:tet kn x50 penalty] delta= 18.00 mm  F=91.69 N  pen(rms)=0.044 mm
[indent-fem:tet kn x50 penalty] delta= 20.00 mm  F=105.8 N  pen(rms)=0.048 mm
[indent-fem:tet kn x50 penalty] delta= 22.00 mm  F=120.4 N  pen(rms)=0.051 mm
[indent-fem:tet kn x50 penalty] delta= 24.00 mm  F=137.4 N  pen(rms)=0.055 mm
[indent-fem:tet kn x50 penalty] delta= 26.00 mm  F=153.9 N  pen(rms)=0.058 mm
[indent-fem:tet kn x50 penalty] delta= 28.00 mm  F=171.3 N  pen(rms)=0.061 mm
[indent-fem:tet kn x50 penalty] delta= 30.00 mm  F=192.8 N  pen(rms)=0.064 mm
[indent-fem:tet kn x50 penalty] delta= 32.00 mm  F=217.1 N  pen(rms)=0.067 mm
[indent-fem:tet kn x50 penalty] delta= 34.00 mm  F=239.5 N  pen(rms)=0.071 mm
[indent-fem:tet kn x50 penalty] delta= 36.00 mm  F=262.2 N  pen(rms)=0.075 mm
[indent-fem:tet kn x50 penalty] delta= 38.00 mm  F=285 N  pen(rms)=0.079 mm
[indent-fem:tet kn x50 penalty] delta= 40.00 mm  F=309.1 N  pen(rms)=0.084 mm
[indent-fem:tet kn x50 penalty] done: 20 steps in 205.47 s (10273 ms/step)  F_max=309.1 N  rms_pen=0.084 mm
[indent-fem:tet kn x50 AL] slab 1.00x1.00x0.40 m, R=0.3 m, kn=2.83e+07 Pa/m, 20 steps, n_aug=8
[indent-fem:tet kn x50 AL] delta=  2.00 mm  aug=1  F=6.319 N  pen(rms)=0.005 mm
[indent-fem:tet kn x50 AL] delta=  4.00 mm  aug=1  F=8.358 N  pen(rms)=0.008 mm
[indent-fem:tet kn x50 AL] delta=  6.00 mm  aug=2  F=20.77 N  pen(rms)=0.016 mm
[indent-fem:tet kn x50 AL] delta=  8.00 mm  aug=2  F=28.93 N  pen(rms)=0.020 mm
[indent-fem:tet kn x50 AL] delta= 10.00 mm  aug=2  F=41.07 N  pen(rms)=0.025 mm
[indent-fem:tet kn x50 AL] delta= 12.00 mm  aug=2  F=53.99 N  pen(rms)=0.030 mm
[indent-fem:tet kn x50 AL] delta= 14.00 mm  aug=2  F=65.94 N  pen(rms)=0.035 mm
[indent-fem:tet kn x50 AL] delta= 16.00 mm  aug=2  F=78.49 N  pen(rms)=0.040 mm
[indent-fem:tet kn x50 AL] delta= 18.00 mm  aug=2  F=91.69 N  pen(rms)=0.044 mm
[indent-fem:tet kn x50 AL] delta= 20.00 mm  aug=2  F=105.8 N  pen(rms)=0.048 mm
[indent-fem:tet kn x50 AL] delta= 22.00 mm  aug=2  F=120.4 N  pen(rms)=0.051 mm
[indent-fem:tet kn x50 AL] delta= 24.00 mm  aug=2  F=137.4 N  pen(rms)=0.055 mm
[indent-fem:tet kn x50 AL] delta= 26.00 mm  aug=2  F=153.9 N  pen(rms)=0.058 mm
[indent-fem:tet kn x50 AL] delta= 28.00 mm  aug=2  F=171.3 N  pen(rms)=0.061 mm
[indent-fem:tet kn x50 AL] delta= 30.00 mm  aug=2  F=192.8 N  pen(rms)=0.064 mm
[indent-fem:tet kn x50 AL] delta= 32.00 mm  aug=2  F=217.1 N  pen(rms)=0.067 mm
[indent-fem:tet kn x50 AL] delta= 34.00 mm  aug=2  F=239.5 N  pen(rms)=0.071 mm
[indent-fem:tet kn x50 AL] delta= 36.00 mm  aug=2  F=262.2 N  pen(rms)=0.075 mm
[indent-fem:tet kn x50 AL] delta= 38.00 mm  aug=2  F=285 N  pen(rms)=0.079 mm
[indent-fem:tet kn x50 AL] delta= 40.00 mm  aug=2  F=309.1 N  pen(rms)=0.084 mm
[indent-fem:tet kn x50 AL] done: 20 steps in 249.77 s (12489 ms/step)  F_max=309.1 N  rms_pen=0.084 mm
[indent-fem:hex kn x50 AL] slab 1.00x1.00x0.40 m, R=0.3 m, kn=2.83e+07 Pa/m, 20 steps, n_aug=8
[indent-fem:hex kn x50 AL] delta=  2.00 mm  aug=1  F=3.287 N  pen(rms)=0.004 mm
[indent-fem:hex kn x50 AL] delta=  4.00 mm  aug=1  F=9.35 N  pen(rms)=0.008 mm
[indent-fem:hex kn x50 AL] delta=  6.00 mm  aug=2  F=17.63 N  pen(rms)=0.012 mm
[indent-fem:hex kn x50 AL] delta=  8.00 mm  aug=2  F=25.38 N  pen(rms)=0.017 mm
[indent-fem:hex kn x50 AL] delta= 10.00 mm  aug=2  F=36.06 N  pen(rms)=0.022 mm
[indent-fem:hex kn x50 AL] delta= 12.00 mm  aug=2  F=46.36 N  pen(rms)=0.027 mm
[indent-fem:hex kn x50 AL] delta= 14.00 mm  aug=2  F=56.64 N  pen(rms)=0.032 mm
[indent-fem:hex kn x50 AL] delta= 16.00 mm  aug=2  F=68.15 N  pen(rms)=0.036 mm
[indent-fem:hex kn x50 AL] delta= 18.00 mm  aug=2  F=79.26 N  pen(rms)=0.041 mm
[indent-fem:hex kn x50 AL] delta= 20.00 mm  aug=2  F=91.64 N  pen(rms)=0.044 mm
[indent-fem:hex kn x50 AL] delta= 22.00 mm  aug=2  F=106.3 N  pen(rms)=0.045 mm
[indent-fem:hex kn x50 AL] delta= 24.00 mm  aug=2  F=123.2 N  pen(rms)=0.047 mm
[indent-fem:hex kn x50 AL] delta= 26.00 mm  aug=2  F=142.6 N  pen(rms)=0.050 mm
[indent-fem:hex kn x50 AL] delta= 28.00 mm  aug=2  F=160.2 N  pen(rms)=0.054 mm
[indent-fem:hex kn x50 AL] delta= 30.00 mm  aug=2  F=179.8 N  pen(rms)=0.058 mm
[indent-fem:hex kn x50 AL] delta= 32.00 mm  aug=2  F=199.2 N  pen(rms)=0.063 mm
[indent-fem:hex kn x50 AL] delta= 34.00 mm  aug=2  F=218.8 N  pen(rms)=0.067 mm
[indent-fem:hex kn x50 AL] delta= 36.00 mm  aug=2  F=240.4 N  pen(rms)=0.072 mm
[indent-fem:hex kn x50 AL] delta= 38.00 mm  aug=2  F=260.4 N  pen(rms)=0.075 mm
[indent-fem:hex kn x50 AL] delta= 40.00 mm  aug=2  F=283.1 N  pen(rms)=0.079 mm
[indent-fem:hex kn x50 AL] done: 20 steps in 3799.38 s (189969 ms/step)  F_max=283.1 N  rms_pen=0.079 mm
[indent-fem] wrote /content/Newton/data/fem_indentation.npz
[indent-fem] tet kn x5 penalty: F=279.4 N (Hertz ratio 1.395)  max_pen=0.549 mm  wall=133.48 s
[indent-fem] tet kn x50 penalty: F=309.1 N (Hertz ratio 1.543)  max_pen=0.084 mm  wall=205.47 s
[indent-fem] tet kn x50 AL: F=309.1 N (Hertz ratio 1.543)  max_pen=0.084 mm  wall=249.77 s
[indent-fem] hex kn x50 AL: F=283.1 N (Hertz ratio 1.413)  max_pen=0.079 mm  wall=3799.38 s
[indent-fem] wrote /content/Newton/figures/indentation_force.png
[indent-fem] wrote /content/Newton/figures/indentation_penetration.png
[indent-fem] wrote /content/Newton/figures/indentation_profile.png
