Warp 1.14.0 initialized:
   CUDA Toolkit 12.9, Driver 13.0
   Devices:
     "cpu"      : "x86_64"
     "cuda:0"   : "NVIDIA A100-SXM4-80GB" (79 GiB, sm_80, mempool enabled)
   Kernel cache:
     /root/.cache/warp/1.14.0
[indent-newton] device = cuda:0, solver = xpbd
Module validate_and_correct_inertia_kernel_2d598dcb 2d598dc load on device 'cuda:0' took 711.06 ms  (compiled)
Module newton._src.geometry.bvh 9db2945 load on device 'cuda:0' took 1.06 ms  (cached)
Module newton._src.solvers.solver c4f5217 load on device 'cuda:0' took 1.07 ms  (cached)
Module newton._src.sim.collide 6396eb6 load on device 'cuda:0' took 1168.13 ms  (compiled)
Module narrow_phase_primitive_write_contact 51d816f load on device 'cuda:0' took 1.29 ms  (cached)
Module narrow_phase_gjk_mpr_True_write_contact_support_map_lean_post_process_minkowski_only 10a247d load on device 'cuda:0' took 2.24 ms  (cached)
Module newton._src.geometry.narrow_phase 50781fa load on device 'cuda:0' took 3.00 ms  (cached)
Module newton._src.geometry.kernels 18b231c load on device 'cuda:0' took 6530.17 ms  (compiled)
Module newton._src.solvers.xpbd.kernels 63a706b load on device 'cuda:0' took 9.51 ms  (cached)
[indent-newton] delta=  2.00 mm  pen=0.00 mm  U_strain=3.893 J  KE=9.52e-02 J
[indent-newton] delta=  4.00 mm  pen=0.00 mm  U_strain=2.007 J  KE=4.57e-02 J
[indent-newton] delta=  6.00 mm  pen=0.00 mm  U_strain=2.317 J  KE=2.32e-02 J
[indent-newton] delta=  8.00 mm  pen=0.00 mm  U_strain=2.684 J  KE=1.32e-02 J
[indent-newton] delta= 10.00 mm  pen=0.00 mm  U_strain=2.661 J  KE=1.18e-02 J
[indent-newton] delta= 12.00 mm  pen=0.00 mm  U_strain=3.18 J  KE=9.57e-03 J
[indent-newton] delta= 14.00 mm  pen=0.00 mm  U_strain=3.581 J  KE=6.66e-03 J
[indent-newton] delta= 16.00 mm  pen=0.00 mm  U_strain=3.916 J  KE=6.40e-03 J
[indent-newton] delta= 18.00 mm  pen=0.00 mm  U_strain=4.473 J  KE=5.16e-03 J
[indent-newton] delta= 20.00 mm  pen=0.00 mm  U_strain=5.229 J  KE=3.44e-03 J
[indent-newton] delta= 22.00 mm  pen=0.00 mm  U_strain=5.882 J  KE=3.59e-03 J
[indent-newton] delta= 24.00 mm  pen=0.00 mm  U_strain=6.365 J  KE=4.93e-03 J
[indent-newton] delta= 26.00 mm  pen=0.00 mm  U_strain=7.145 J  KE=4.48e-03 J
[indent-newton] delta= 28.00 mm  pen=0.00 mm  U_strain=7.915 J  KE=4.46e-03 J
[indent-newton] delta= 30.00 mm  pen=0.00 mm  U_strain=8.725 J  KE=3.75e-03 J
[indent-newton] delta= 32.00 mm  pen=0.00 mm  U_strain=9.5 J  KE=5.04e-03 J
[indent-newton] delta= 34.00 mm  pen=0.00 mm  U_strain=10.3 J  KE=4.64e-03 J
[indent-newton] delta= 36.00 mm  pen=0.00 mm  U_strain=11.39 J  KE=4.99e-03 J
[indent-newton] delta= 38.00 mm  pen=0.00 mm  U_strain=12.32 J  KE=4.25e-03 J
[indent-newton] delta= 40.00 mm  pen=0.00 mm  U_strain=13.85 J  KE=3.28e-03 J
[indent-newton] wrote /content/Newton/data/newton_indentation.npz
[indent-newton] solve wall time = 122.950 s (solver=xpbd)
