Warp 1.14.0 initialized:
   CUDA Toolkit 12.9, Driver 13.0
   Devices:
     "cpu"      : "x86_64"
     "cuda:0"   : "NVIDIA A100-SXM4-80GB" (79 GiB, sm_80, mempool enabled)
   Kernel cache:
     /root/.cache/warp/1.14.0
[newton] device = cuda:0, solver = semi_implicit
Block            : 0.60 x 0.60 x 1.60 m (6x6x16 cells)
Density          : 100.0 kg/m^3
Lame (mu, lambda): 1.000e+04, 5.000e+04 Pa
-> Young's E, nu : 2.833e+04 Pa, 0.4167
Gravity          : 9.80665 m/s^2 (-z)
Analytic tip elongation (1-D bar): 44.30 mm

Module newton._src.geometry.bvh 9db2945 load on device 'cuda:0' took 1.38 ms  (cached)
[newton] nodes=833 tets=2880 fixed=49 tip_node=24
Module narrow_phase_primitive_write_contact 51d816f load on device 'cuda:0' took 1.20 ms  (cached)
Module narrow_phase_gjk_mpr_True_write_contact_support_map_lean_post_process_minkowski_only 10a247d load on device 'cuda:0' took 2.88 ms  (cached)
Module newton._src.geometry.narrow_phase 50781fa load on device 'cuda:0' took 2.94 ms  (cached)
Module newton._src.solvers.semi_implicit.kernels_particle f6c5585 load on device 'cuda:0' took 2367.05 ms  (compiled)
Module newton._src.solvers.semi_implicit.kernels_contact 953ff5f load on device 'cuda:0' took 2914.73 ms  (compiled)
Module newton._src.solvers.solver c4f5217 load on device 'cuda:0' took 1.18 ms  (cached)
  frame    0  tip_z=-0.00140  KE=8.919e-01
  frame   20  tip_z=-0.12552  KE=6.865e+00
  frame   40  tip_z=-0.08532  KE=5.712e+00
  frame   60  tip_z=-0.05782  KE=1.369e+00
  frame   80  tip_z=-0.10776  KE=1.437e-02
  frame  100  tip_z=-0.06918  KE=4.577e-01
  frame  120  tip_z=-0.08520  KE=4.964e-01
  frame  140  tip_z=-0.08882  KE=1.636e-01
  frame  160  tip_z=-0.07551  KE=3.691e-03
  frame  180  tip_z=-0.08747  KE=2.529e-02
  frame  200  tip_z=-0.08166  KE=4.122e-02
  frame  220  tip_z=-0.08172  KE=1.784e-02
  frame  240  tip_z=-0.08494  KE=1.314e-03
  frame  260  tip_z=-0.08137  KE=1.206e-03
  frame  280  tip_z=-0.08342  KE=3.145e-03
  frame  300  tip_z=-0.08311  KE=1.816e-03
  frame  320  tip_z=-0.08237  KE=2.501e-04
  frame  340  tip_z=-0.08336  KE=3.713e-05
  frame  360  tip_z=-0.08268  KE=2.271e-04
  frame  380  tip_z=-0.08286  KE=1.698e-04
  frame  400  tip_z=-0.08303  KE=3.657e-05
[newton] settled at frame 419 (KE=9.933e-07)
[newton] wrote /content/Newton/data/newton_result_semi.npz
[newton] tip vertical drop = 82.76 mm
[newton] solve wall time = 17.662 s (solver=semi_implicit, substeps=32, iters=10)
