Warp 1.14.0 initialized:
   CUDA Toolkit 12.9, Driver 13.0
   Devices:
     "cpu"      : "x86_64"
     "cuda:0"   : "NVIDIA A100-SXM4-80GB" (79 GiB, sm_80, mempool enabled)
   Kernel cache:
     /root/.cache/warp/1.14.0
[friction-newton] device = cuda:0, solver = xpbd
Module newton._src.geometry.bvh 9db2945 load on device 'cuda:0' took 1.40 ms  (cached)
[friction-newton] block 0.80x0.80x0.40 m, W=251.05 N, mu=0.3
Module newton._src.sim.collide 6396eb6 load on device 'cuda:0' took 1.10 ms  (cached)
Module narrow_phase_primitive_write_contact 51d816f load on device 'cuda:0' took 1.09 ms  (cached)
Module narrow_phase_gjk_mpr_True_write_contact_support_map_lean_post_process_minkowski_only 10a247d load on device 'cuda:0' took 2.59 ms  (cached)
Module newton._src.geometry.narrow_phase 50781fa load on device 'cuda:0' took 2.85 ms  (cached)
Module newton._src.geometry.kernels 18b231c load on device 'cuda:0' took 3.61 ms  (cached)
Module newton._src.solvers.solver c4f5217 load on device 'cuda:0' took 0.97 ms  (cached)
Module newton._src.solvers.xpbd.kernels 63a706b load on device 'cuda:0' took 12.49 ms  (cached)
[friction-newton] drag= 0.00 mm  bottom_slip= 0.01 mm  U=4.303 J  KE=1.01e-04 J
[friction-newton] drag= 1.00 mm  bottom_slip= 0.00 mm  U=4.423 J  KE=1.61e-05 J
[friction-newton] drag= 2.00 mm  bottom_slip= 0.01 mm  U=4.452 J  KE=5.17e-05 J
[friction-newton] drag= 3.00 mm  bottom_slip= 0.01 mm  U=4.548 J  KE=5.13e-05 J
[friction-newton] drag= 4.00 mm  bottom_slip= 0.02 mm  U=4.63 J  KE=6.92e-05 J
[friction-newton] drag= 5.00 mm  bottom_slip= 0.03 mm  U=4.777 J  KE=1.42e-04 J
[friction-newton] drag= 6.00 mm  bottom_slip= 0.05 mm  U=4.882 J  KE=2.34e-04 J
[friction-newton] drag= 7.00 mm  bottom_slip= 0.07 mm  U=5.056 J  KE=1.66e-04 J
[friction-newton] drag= 8.00 mm  bottom_slip= 0.09 mm  U=5.21 J  KE=2.61e-04 J
[friction-newton] drag= 9.00 mm  bottom_slip= 0.12 mm  U=5.391 J  KE=4.31e-04 J
[friction-newton] drag=10.00 mm  bottom_slip= 0.15 mm  U=5.572 J  KE=4.47e-04 J
[friction-newton] drag=11.00 mm  bottom_slip= 0.19 mm  U=5.721 J  KE=5.20e-04 J
[friction-newton] drag=12.00 mm  bottom_slip= 0.23 mm  U=5.965 J  KE=7.62e-04 J
[friction-newton] drag=13.00 mm  bottom_slip= 0.29 mm  U=5.998 J  KE=4.95e-04 J
[friction-newton] drag=14.00 mm  bottom_slip= 0.33 mm  U=6.37 J  KE=3.54e-04 J
[friction-newton] drag=15.00 mm  bottom_slip= 0.41 mm  U=6.478 J  KE=7.65e-04 J
[friction-newton] drag=16.00 mm  bottom_slip= 0.47 mm  U=6.674 J  KE=4.91e-04 J
[friction-newton] drag=17.00 mm  bottom_slip= 0.55 mm  U=7.057 J  KE=3.90e-04 J
[friction-newton] drag=18.00 mm  bottom_slip= 0.64 mm  U=7.174 J  KE=9.59e-04 J
[friction-newton] drag=19.00 mm  bottom_slip= 0.74 mm  U=7.415 J  KE=7.96e-04 J
[friction-newton] drag=20.00 mm  bottom_slip= 0.85 mm  U=7.603 J  KE=7.60e-04 J
[friction-newton] wrote /content/Newton/data/newton_friction.npz
[friction-newton] note: this Newton (xpbd) run records slip / energy only, not a calibrated friction force; see the FEM run for force + dissipated work.
