Warp 1.14.0 initialized:
   CUDA Toolkit 12.9, Driver 13.0
   Devices:
     "cpu"      : "x86_64"
     "cuda:0"   : "NVIDIA A100-SXM4-80GB" (79 GiB, sm_80, mempool enabled)
   Kernel cache:
     /root/.cache/warp/1.14.0
[indent-newton] device = cuda:0, solver = vbd
Module warp._src.coloring 7eb14ba load on device 'cpu' took 2.05 ms  (cached)
Module validate_and_correct_inertia_kernel_2d598dcb 2d598dc load on device 'cuda:0' took 1.01 ms  (cached)
Module newton._src.geometry.bvh 9db2945 load on device 'cuda:0' took 0.98 ms  (cached)
Module newton._src.solvers.vbd.particle_vbd_kernels 9140806 load on device 'cpu' took 0.52 ms  (cached)
Module newton._src.solvers.vbd.rigid_vbd_kernels c5fe437 load on device 'cpu' took 9371.02 ms  (compiled)
Module newton._src.solvers.solver c4f5217 load on device 'cuda:0' took 1.13 ms  (cached)
Module newton._src.sim.collide 6396eb6 load on device 'cuda:0' took 0.99 ms  (cached)
Module narrow_phase_primitive_write_contact 51d816f load on device 'cuda:0' took 1.31 ms  (cached)
Module narrow_phase_gjk_mpr_True_write_contact_support_map_lean_post_process_minkowski_only 10a247d load on device 'cuda:0' took 2.27 ms  (cached)
Module newton._src.geometry.narrow_phase 50781fa load on device 'cuda:0' took 3.01 ms  (cached)
Module newton._src.geometry.kernels 18b231c load on device 'cuda:0' took 3.23 ms  (cached)
Module newton._src.solvers.vbd.rigid_vbd_kernels e8eab16 load on device 'cuda:0' took 14491.13 ms  (compiled)
Module newton._src.solvers.xpbd.kernels 63a706b load on device 'cuda:0' took 9.51 ms  (cached)
Module newton._src.solvers.vbd.particle_vbd_kernels 776e1a0 load on device 'cuda:0' took 3.49 ms  (cached)
[indent-newton] delta=  2.00 mm  pen=1.60 mm  U_strain=0.0003095 J  KE=3.18e-08 J
[indent-newton] delta=  4.00 mm  pen=3.31 mm  U_strain=0.0009409 J  KE=1.62e-08 J
[indent-newton] delta=  6.00 mm  pen=5.06 mm  U_strain=0.001759 J  KE=1.14e-08 J
[indent-newton] delta=  8.00 mm  pen=6.83 mm  U_strain=0.002834 J  KE=1.45e-08 J
[indent-newton] delta= 10.00 mm  pen=8.59 mm  U_strain=0.004214 J  KE=1.96e-08 J
[indent-newton] delta= 12.00 mm  pen=10.35 mm  U_strain=0.006002 J  KE=2.34e-08 J
[indent-newton] delta= 14.00 mm  pen=12.08 mm  U_strain=0.008449 J  KE=3.46e-08 J
[indent-newton] delta= 16.00 mm  pen=13.81 mm  U_strain=0.01149 J  KE=3.51e-08 J
[indent-newton] delta= 18.00 mm  pen=15.55 mm  U_strain=0.01509 J  KE=3.79e-08 J
[indent-newton] delta= 20.00 mm  pen=17.28 mm  U_strain=0.01932 J  KE=4.40e-08 J
[indent-newton] delta= 22.00 mm  pen=19.01 mm  U_strain=0.02405 J  KE=4.39e-08 J
[indent-newton] delta= 24.00 mm  pen=20.74 mm  U_strain=0.0295 J  KE=4.21e-08 J
[indent-newton] delta= 26.00 mm  pen=22.46 mm  U_strain=0.03568 J  KE=4.41e-08 J
[indent-newton] delta= 28.00 mm  pen=24.19 mm  U_strain=0.0426 J  KE=5.15e-08 J
[indent-newton] delta= 30.00 mm  pen=25.91 mm  U_strain=0.05032 J  KE=4.81e-08 J
[indent-newton] delta= 32.00 mm  pen=27.63 mm  U_strain=0.05889 J  KE=5.46e-08 J
[indent-newton] delta= 34.00 mm  pen=29.33 mm  U_strain=0.06906 J  KE=5.69e-08 J
[indent-newton] delta= 36.00 mm  pen=31.05 mm  U_strain=0.0794 J  KE=6.51e-08 J
[indent-newton] delta= 38.00 mm  pen=32.74 mm  U_strain=0.09174 J  KE=7.02e-08 J
[indent-newton] delta= 40.00 mm  pen=34.43 mm  U_strain=0.1057 J  KE=6.96e-08 J
[indent-newton] wrote /content/Newton/data/newton_indentation_vbd.npz
[indent-newton] solve wall time = 275.368 s (solver=vbd)
