Warp 1.14.0 initialized:
   CUDA Toolkit 12.9, Driver 13.0
   Devices:
     "cpu"      : "x86_64"
     "cuda:0"   : "NVIDIA A100-SXM4-80GB" (79 GiB, sm_80, mempool enabled)
   Kernel cache:
     /root/.cache/warp/1.14.0
[indent-newton] device = cuda:0, solver = semi_implicit
Module validate_and_correct_inertia_kernel_2d598dcb 2d598dc load on device 'cuda:0' took 0.95 ms  (cached)
Module newton._src.geometry.bvh 9db2945 load on device 'cuda:0' took 0.99 ms  (cached)
Module newton._src.sim.collide 6396eb6 load on device 'cuda:0' took 1.09 ms  (cached)
Module narrow_phase_primitive_write_contact 51d816f load on device 'cuda:0' took 1.11 ms  (cached)
Module narrow_phase_gjk_mpr_True_write_contact_support_map_lean_post_process_minkowski_only 10a247d load on device 'cuda:0' took 2.61 ms  (cached)
Module newton._src.geometry.narrow_phase 50781fa load on device 'cuda:0' took 2.97 ms  (cached)
Module newton._src.geometry.kernels 18b231c load on device 'cuda:0' took 3.71 ms  (cached)
Module newton._src.solvers.semi_implicit.kernels_particle f6c5585 load on device 'cuda:0' took 1.31 ms  (cached)
Module newton._src.solvers.semi_implicit.kernels_body 8e92e4f load on device 'cuda:0' took 8929.22 ms  (compiled)
Module newton._src.solvers.semi_implicit.kernels_contact 953ff5f load on device 'cuda:0' took 2.15 ms  (cached)
Module newton._src.solvers.solver c4f5217 load on device 'cuda:0' took 1.09 ms  (cached)
[indent-newton] delta=  2.00 mm  pen=0.91 mm  U_strain=0.002115 J  KE=1.99e-04 J
[indent-newton] delta=  4.00 mm  pen=2.61 mm  U_strain=0.003531 J  KE=1.11e-04 J
[indent-newton] delta=  6.00 mm  pen=4.34 mm  U_strain=0.005189 J  KE=5.99e-05 J
[indent-newton] delta=  8.00 mm  pen=6.06 mm  U_strain=0.007326 J  KE=6.19e-05 J
[indent-newton] delta= 10.00 mm  pen=7.77 mm  U_strain=0.0102 J  KE=5.62e-05 J
[indent-newton] delta= 12.00 mm  pen=9.47 mm  U_strain=0.01375 J  KE=7.03e-05 J
[indent-newton] delta= 14.00 mm  pen=11.13 mm  U_strain=0.01884 J  KE=1.11e-04 J
[indent-newton] delta= 16.00 mm  pen=12.79 mm  U_strain=0.02498 J  KE=1.20e-04 J
[indent-newton] delta= 18.00 mm  pen=14.45 mm  U_strain=0.03169 J  KE=1.29e-04 J
[indent-newton] delta= 20.00 mm  pen=16.11 mm  U_strain=0.03962 J  KE=1.51e-04 J
[indent-newton] delta= 22.00 mm  pen=17.77 mm  U_strain=0.04852 J  KE=1.61e-04 J
[indent-newton] delta= 24.00 mm  pen=19.44 mm  U_strain=0.05797 J  KE=1.81e-04 J
[indent-newton] delta= 26.00 mm  pen=21.08 mm  U_strain=0.06924 J  KE=2.05e-04 J
[indent-newton] delta= 28.00 mm  pen=22.72 mm  U_strain=0.08189 J  KE=2.34e-04 J
[indent-newton] delta= 30.00 mm  pen=24.37 mm  U_strain=0.09555 J  KE=2.63e-04 J
[indent-newton] delta= 32.00 mm  pen=26.01 mm  U_strain=0.1114 J  KE=2.94e-04 J
[indent-newton] delta= 34.00 mm  pen=27.65 mm  U_strain=0.1282 J  KE=3.20e-04 J
[indent-newton] delta= 36.00 mm  pen=29.27 mm  U_strain=0.1475 J  KE=3.48e-04 J
[indent-newton] delta= 38.00 mm  pen=30.89 mm  U_strain=0.1693 J  KE=3.92e-04 J
[indent-newton] delta= 40.00 mm  pen=32.51 mm  U_strain=0.1926 J  KE=4.22e-04 J
[indent-newton] wrote /content/Newton/data/newton_indentation_semi.npz
[indent-newton] solve wall time = 31.312 s (solver=semi_implicit)
